{
  "RSpec": {
    "coverage": {
      "/Users/ccorrigan/turing/3module/projects/apicurious/apicurious/app/helpers/application_helper.rb": [
        1,
        null
      ],
      "/Users/ccorrigan/turing/3module/projects/apicurious/apicurious/app/models/starred_repo.rb": [
        1,
        1,
        null
      ],
      "/Users/ccorrigan/turing/3module/projects/apicurious/apicurious/app/models/application_record.rb": [
        1,
        1,
        null
      ],
      "/Users/ccorrigan/turing/3module/projects/apicurious/apicurious/app/models/user.rb": [
        1,
        null,
        1,
        1,
        1,
        null,
        1,
        0,
        0,
        0,
        0,
        0,
        null,
        null,
        null,
        1,
        0,
        0,
        0,
        0,
        null,
        null,
        null,
        1,
        0,
        null,
        null,
        1,
        0,
        0,
        null,
        null,
        null,
        null,
        null,
        null,
        1,
        0,
        0,
        null,
        null,
        null,
        null,
        null
      ],
      "/Users/ccorrigan/turing/3module/projects/apicurious/apicurious/app/channels/application_cable/channel.rb": [
        0,
        0,
        0,
        0
      ],
      "/Users/ccorrigan/turing/3module/projects/apicurious/apicurious/app/channels/application_cable/connection.rb": [
        0,
        0,
        0,
        0
      ],
      "/Users/ccorrigan/turing/3module/projects/apicurious/apicurious/app/controllers/application_controller.rb": [
        0,
        0,
        0,
        0,
        0,
        0,
        0,
        0,
        0
      ],
      "/Users/ccorrigan/turing/3module/projects/apicurious/apicurious/app/controllers/sessions_controller.rb": [
        0,
        0,
        0,
        0,
        0,
        0,
        0,
        0,
        0,
        0,
        0,
        0,
        0
      ],
      "/Users/ccorrigan/turing/3module/projects/apicurious/apicurious/app/controllers/users_controller.rb": [
        0,
        0,
        0,
        0,
        0,
        0
      ],
      "/Users/ccorrigan/turing/3module/projects/apicurious/apicurious/app/controllers/welcome_controller.rb": [
        0,
        0,
        0,
        0
      ],
      "/Users/ccorrigan/turing/3module/projects/apicurious/apicurious/app/jobs/application_job.rb": [
        0,
        0
      ],
      "/Users/ccorrigan/turing/3module/projects/apicurious/apicurious/app/mailers/application_mailer.rb": [
        0,
        0,
        0,
        0
      ],
      "/Users/ccorrigan/turing/3module/projects/apicurious/apicurious/app/models/followed_user.rb": [
        0,
        0,
        0
      ],
      "/Users/ccorrigan/turing/3module/projects/apicurious/apicurious/app/models/follower.rb": [
        0,
        0,
        0
      ],
      "/Users/ccorrigan/turing/3module/projects/apicurious/apicurious/app/services/github_service.rb": [
        0,
        0,
        0,
        0,
        0,
        0,
        0,
        0,
        0,
        0,
        0,
        0,
        0,
        0,
        0,
        0,
        0,
        0,
        0,
        0,
        0,
        0,
        0,
        0
      ]
    },
    "timestamp": 1499480033
  }
}
